---
  0 debug pnpm:scope: 
    selected: 1
    workspacePrefix: null
  1 debug pnpm: 
    isCaseSensitive: true
    store: "/root/.pnpm-store/2"
  2 debug pnpm:package-json: 
    initial: 
      dependencies: 
        google-closure-compiler: "^20190618.0.0"
        minify: "^4.1.3"
        uglify-js: "^3.6.0"
      name: ""
      version: ""
      readme: "ERROR: No README data found!"
      _id: "@"
    prefix: "/usr/pnpm-global/2"
  3 debug pnpm:stage: 
    prefix: "/usr/pnpm-global/2"
    stage: "resolution_started"
  4 error pnpm: 
    message: 
      code: "ERR_PNPM_REGISTRY_META_RESPONSE_404"
      uri: "https://registry.npmjs.org/libsass"
      response: 
        size: 0
        timeout: 0
      package: "libsass"
    err: 
      name: "Error"
      message: "404 Not Found: libsass (via https://registry.npmjs.org/libsass)"
      code: "ERR_PNPM_REGISTRY_META_RESPONSE_404"
      stack: "Error: 404 Not Found: libsass (via https://registry.npmjs.org/libsass)\n    at fromRegistry (/usr/lib/node_modules/pnpm/lib/node_modules/@pnpm/npm-resolver/lib/pickPackage.js:97:21)\n    at processTicksAndRejections (internal/process/task_queues.js:86:5)"
